[debug] [2025-01-18T10:49:07.322Z] ----------------------------------------------------------------------
[debug] [2025-01-18T10:49:07.326Z] Command:       C:\Program Files\nodejs\node.exe C:\Users\DELL\AppData\Roaming\npm\node_modules\firebase-tools\lib\bin\firebase.js login
[debug] [2025-01-18T10:49:07.326Z] CLI Version:   13.29.1
[debug] [2025-01-18T10:49:07.327Z] Platform:      win32
[debug] [2025-01-18T10:49:07.327Z] Node Version:  v22.13.0
[debug] [2025-01-18T10:49:07.327Z] Time:          Sat Jan 18 2025 16:19:07 GMT+0530 (India Standard Time)
[debug] [2025-01-18T10:49:07.327Z] ----------------------------------------------------------------------
[debug] 
[info] Already logged in as dakshprajapati2208@gmail.com
[debug] [2025-01-18T10:49:14.626Z] Error: Timed out.
    at Timeout.<anonymous> (C:\Users\DELL\AppData\Roaming\npm\node_modules\firebase-tools\lib\utils.js:269:49)
    at listOnTimeout (node:internal/timers:594:17)
    at process.processTimers (node:internal/timers:529:7)
[error] 
[error] Error: An unexpected error has occurred.
[debug] [2025-01-18T10:49:33.064Z] ----------------------------------------------------------------------
[debug] [2025-01-18T10:49:33.067Z] Command:       C:\Program Files\nodejs\node.exe C:\Users\DELL\AppData\Roaming\npm\node_modules\firebase-tools\lib\bin\firebase.js init
[debug] [2025-01-18T10:49:33.068Z] CLI Version:   13.29.1
[debug] [2025-01-18T10:49:33.068Z] Platform:      win32
[debug] [2025-01-18T10:49:33.068Z] Node Version:  v22.13.0
[debug] [2025-01-18T10:49:33.068Z] Time:          Sat Jan 18 2025 16:19:33 GMT+0530 (India Standard Time)
[debug] [2025-01-18T10:49:33.068Z] ----------------------------------------------------------------------
[debug] 
[debug] [2025-01-18T10:49:33.077Z] > command requires scopes: ["email","openid","https://www.googleapis.com/auth/cloudplatformprojects.readonly","https://www.googleapis.com/auth/firebase","https://www.googleapis.com/auth/cloud-platform"]
[debug] [2025-01-18T10:49:33.078Z] > authorizing via signed-in user (dakshprajapati2208@gmail.com)
[info] 
     ######## #### ########  ######## ########     ###     ######  ########
     ##        ##  ##     ## ##       ##     ##  ##   ##  ##       ##
     ######    ##  ########  ######   ########  #########  ######  ######
     ##        ##  ##    ##  ##       ##     ## ##     ##       ## ##
     ##       #### ##     ## ######## ########  ##     ##  ######  ########

You're about to initialize a Firebase project in this directory:

  C:\Users\DELL\Documents\GitHub\SGP_PROJECT2

[info] 
=== Project Setup
[info] 
[info] First, let's associate this project directory with a Firebase project.
[info] You can create multiple project aliases by running firebase use --add, 
[info] but for now we'll just set up a default project.
[info] 
[info] i  If you want to create a project in a Google Cloud organization or folder, please use "firebase projects:create" instead, and return to this command when you've created the project. 
[debug] [2025-01-18T10:50:25.232Z] Checked if tokens are valid: true, expires at: 1737200069567
[debug] [2025-01-18T10:50:25.232Z] Checked if tokens are valid: true, expires at: 1737200069567
[debug] [2025-01-18T10:50:25.236Z] >>> [apiv2][query] POST https://cloudresourcemanager.googleapis.com/v1/projects [none]
[debug] [2025-01-18T10:50:25.237Z] >>> [apiv2][body] POST https://cloudresourcemanager.googleapis.com/v1/projects {"projectId":"987654321987654321","name":"Transceed"}
[debug] [2025-01-18T10:50:31.155Z] <<< [apiv2][status] POST https://cloudresourcemanager.googleapis.com/v1/projects 400
[debug] [2025-01-18T10:50:31.156Z] <<< [apiv2][body] POST https://cloudresourcemanager.googleapis.com/v1/projects {"error":{"code":400,"message":"field [project_id] has issue [project_id contains invalid characters]","status":"INVALID_ARGUMENT","details":[{"@type":"type.googleapis.com/google.rpc.BadRequest","fieldViolations":[{"field":"project_id","description":"project_id contains invalid characters"}]},{"@type":"type.googleapis.com/google.rpc.Help","links":[{"url":"https://cloud.google.com/resource-manager/reference/rest/v1/projects"}]}]}}
[debug] [2025-01-18T10:50:32.114Z] FirebaseError: Request to https://cloudresourcemanager.googleapis.com/v1/projects had HTTP Error: 400, field [project_id] has issue [project_id contains invalid characters]
    at responseToError (C:\Users\DELL\AppData\Roaming\npm\node_modules\firebase-tools\lib\responseToError.js:52:12)
    at RetryOperation._fn (C:\Users\DELL\AppData\Roaming\npm\node_modules\firebase-tools\lib\apiv2.js:312:77)
    at process.processTicksAndRejections (node:internal/process/task_queues:105:5)
[error] 
[error] Error: Failed to create project. See firebase-debug.log for more info.
